# JRE version: OpenJDK Runtime Environment (8.0_152-b01) (build 1.8.0_152-release-915-b01)
# Java VM: OpenJDK 64-Bit Server VM (25.152-b01 mixed mode windows-amd64 compressed oops)
Heap:
 PSYoungGen      total 108032K, used 24511K [0x00000000e0000000, 0x00000000e7380000, 0x0000000100000000)
  eden space 97792K, 25% used [0x00000000e0000000,0x00000000e17efe88,0x00000000e5f80000)
  from space 10240K, 0% used [0x00000000e5f80000,0x00000000e5f80000,0x00000000e6980000)
  to   space 9728K, 0% used [0x00000000e6a00000,0x00000000e6a00000,0x00000000e7380000)
 ParOldGen       total 65024K, used 15967K [0x00000000a0000000, 0x00000000a3f80000, 0x00000000e0000000)
  object space 65024K, 24% used [0x00000000a0000000,0x00000000a0f97c50,0x00000000a3f80000)
 Metaspace       used 37257K, capacity 37922K, committed 38360K, reserved 1083392K
  class space    used 5019K, capacity 5279K, committed 5376K, reserved 1048576K
GC Heap History (10 events):
Event: 3.148 GC heap before
{Heap before GC invocations=5 (full 1):
 PSYoungGen      total 71680K, used 5108K [0x00000000e0000000, 0x00000000e4b00000, 0x0000000100000000)
  eden space 66560K, 0% used [0x00000000e0000000,0x00000000e0000000,0x00000000e4100000)
  from space 5120K, 99% used [0x00000000e4600000,0x00000000e4afd040,0x00000000e4b00000)
  to   space 5120K, 0% used [0x00000000e4100000,0x00000000e4100000,0x00000000e4600000)
 ParOldGen       total 87552K, used 7639K [0x00000000a0000000, 0x00000000a5580000, 0x00000000e0000000)
  object space 87552K, 8% used [0x00000000a0000000,0x00000000a0775dc0,0x00000000a5580000)
 Metaspace       used 20713K, capacity 21092K, committed 21248K, reserved 1067008K
  class space    used 2857K, capacity 3017K, committed 3072K, reserved 1048576K
Event: 3.190 GC heap after
Heap after GC invocations=5 (full 1):
 PSYoungGen      total 71680K, used 0K [0x00000000e0000000, 0x00000000e4b00000, 0x0000000100000000)
  eden space 66560K, 0% used [0x00000000e0000000,0x00000000e0000000,0x00000000e4100000)
  from space 5120K, 0% used [0x00000000e4600000,0x00000000e4600000,0x00000000e4b00000)
  to   space 5120K, 0% used [0x00000000e4100000,0x00000000e4100000,0x00000000e4600000)
 ParOldGen       total 65024K, used 8701K [0x00000000a0000000, 0x00000000a3f80000, 0x00000000e0000000)
  object space 65024K, 13% used [0x00000000a0000000,0x00000000a087f6d0,0x00000000a3f80000)
 Metaspace       used 20713K, capacity 21092K, committed 21248K, reserved 1067008K
  class space    used 2857K, capacity 3017K, committed 3072K, reserved 1048576K
}
Event: 4.283 GC heap before
{Heap before GC invocations=6 (full 1):
 PSYoungGen      total 71680K, used 66560K [0x00000000e0000000, 0x00000000e4b00000, 0x0000000100000000)
  eden space 66560K, 100% used [0x00000000e0000000,0x00000000e4100000,0x00000000e4100000)
  from space 5120K, 0% used [0x00000000e4600000,0x00000000e4600000,0x00000000e4b00000)
  to   space 5120K, 0% used [0x00000000e4100000,0x00000000e4100000,0x00000000e4600000)
 ParOldGen       total 65024K, used 8701K [0x00000000a0000000, 0x00000000a3f80000, 0x00000000e0000000)
  object space 65024K, 13% used [0x00000000a0000000,0x00000000a087f6d0,0x00000000a3f80000)
 Metaspace       used 25637K, capacity 26126K, committed 26240K, reserved 1071104K
  class space    used 3507K, capacity 3682K, committed 3712K, reserved 1048576K
Event: 4.297 GC heap after
Heap after GC invocations=6 (full 1):
 PSYoungGen      total 71680K, used 5093K [0x00000000e0000000, 0x00000000e7400000, 0x0000000100000000)
  eden space 66560K, 0% used [0x00000000e0000000,0x00000000e0000000,0x00000000e4100000)
  from space 5120K, 99% used [0x00000000e4100000,0x00000000e45f97d8,0x00000000e4600000)
  to   space 10240K, 0% used [0x00000000e6a00000,0x00000000e6a00000,0x00000000e7400000)
 ParOldGen       total 65024K, used 10597K [0x00000000a0000000, 0x00000000a3f80000, 0x00000000e0000000)
  object space 65024K, 16% used [0x00000000a0000000,0x00000000a0a59618,0x00000000a3f80000)
 Metaspace       used 25637K, capacity 26126K, committed 26240K, reserved 1071104K
  class space    used 3507K, capacity 3682K, committed 3712K, reserved 1048576K
}
Event: 5.653 GC heap before
{Heap before GC invocations=7 (full 1):
 PSYoungGen      total 71680K, used 71653K [0x00000000e0000000, 0x00000000e7400000, 0x0000000100000000)
  eden space 66560K, 100% used [0x00000000e0000000,0x00000000e4100000,0x00000000e4100000)
  from space 5120K, 99% used [0x00000000e4100000,0x00000000e45f97d8,0x00000000e4600000)
  to   space 10240K, 0% used [0x00000000e6a00000,0x00000000e6a00000,0x00000000e7400000)
 ParOldGen       total 65024K, used 10597K [0x00000000a0000000, 0x00000000a3f80000, 0x00000000e0000000)
  object space 65024K, 16% used [0x00000000a0000000,0x00000000a0a59618,0x00000000a3f80000)
 Metaspace       used 29921K, capacity 30406K, committed 30720K, reserved 1075200K
  class space    used 4069K, capacity 4234K, committed 4352K, reserved 1048576K
Event: 5.667 GC heap after
Heap after GC invocations=7 (full 1):
 PSYoungGen      total 107520K, used 7782K [0x00000000e0000000, 0x00000000e7380000, 0x0000000100000000)
  eden space 97792K, 0% used [0x00000000e0000000,0x00000000e0000000,0x00000000e5f80000)
  from space 9728K, 80% used [0x00000000e6a00000,0x00000000e7199ad8,0x00000000e7380000)
  to   space 10240K, 0% used [0x00000000e5f80000,0x00000000e5f80000,0x00000000e6980000)
 ParOldGen       total 65024K, used 10605K [0x00000000a0000000, 0x00000000a3f80000, 0x00000000e0000000)
  object space 65024K, 16% used [0x00000000a0000000,0x00000000a0a5b618,0x00000000a3f80000)
 Metaspace       used 29921K, capacity 30406K, committed 30720K, reserved 1075200K
  class space    used 4069K, capacity 4234K, committed 4352K, reserved 1048576K
}
Event: 7.191 GC heap before
{Heap before GC invocations=8 (full 1):
 PSYoungGen      total 107520K, used 64204K [0x00000000e0000000, 0x00000000e7380000, 0x0000000100000000)
  eden space 97792K, 57% used [0x00000000e0000000,0x00000000e37197b8,0x00000000e5f80000)
  from space 9728K, 80% used [0x00000000e6a00000,0x00000000e7199ad8,0x00000000e7380000)
  to   space 10240K, 0% used [0x00000000e5f80000,0x00000000e5f80000,0x00000000e6980000)
 ParOldGen       total 65024K, used 10605K [0x00000000a0000000, 0x00000000a3f80000, 0x00000000e0000000)
  object space 65024K, 16% used [0x00000000a0000000,0x00000000a0a5b618,0x00000000a3f80000)
 Metaspace       used 34686K, capacity 35220K, committed 35416K, reserved 1079296K
  class space    used 4699K, capacity 4910K, committed 4992K, reserved 1048576K
Event: 7.212 GC heap after
Heap after GC invocations=8 (full 1):
 PSYoungGen      total 108032K, used 9813K [0x00000000e0000000, 0x00000000e7380000, 0x0000000100000000)
  eden space 97792K, 0% used [0x00000000e0000000,0x00000000e0000000,0x00000000e5f80000)
  from space 10240K, 95% used [0x00000000e5f80000,0x00000000e6915480,0x00000000e6980000)
  to   space 9728K, 0% used [0x00000000e6a00000,0x00000000e6a00000,0x00000000e7380000)
 ParOldGen       total 65024K, used 10677K [0x00000000a0000000, 0x00000000a3f80000, 0x00000000e0000000)
  object space 65024K, 16% used [0x00000000a0000000,0x00000000a0a6d628,0x00000000a3f80000)
 Metaspace       used 34686K, capacity 35220K, committed 35416K, reserved 1079296K
  class space    used 4699K, capacity 4910K, committed 4992K, reserved 1048576K
}
Event: 7.212 GC heap before
{Heap before GC invocations=9 (full 2):
 PSYoungGen      total 108032K, used 9813K [0x00000000e0000000, 0x00000000e7380000, 0x0000000100000000)
  eden space 97792K, 0% used [0x00000000e0000000,0x00000000e0000000,0x00000000e5f80000)
  from space 10240K, 95% used [0x00000000e5f80000,0x00000000e6915480,0x00000000e6980000)
  to   space 9728K, 0% used [0x00000000e6a00000,0x00000000e6a00000,0x00000000e7380000)
 ParOldGen       total 65024K, used 10677K [0x00000000a0000000, 0x00000000a3f80000, 0x00000000e0000000)
  object space 65024K, 16% used [0x00000000a0000000,0x00000000a0a6d628,0x00000000a3f80000)
 Metaspace       used 34686K, capacity 35220K, committed 35416K, reserved 1079296K
  class space    used 4699K, capacity 4910K, committed 4992K, reserved 1048576K
Event: 7.323 GC heap after
Heap after GC invocations=9 (full 2):
 PSYoungGen      total 108032K, used 0K [0x00000000e0000000, 0x00000000e7380000, 0x0000000100000000)
  eden space 97792K, 0% used [0x00000000e0000000,0x00000000e0000000,0x00000000e5f80000)
  from space 10240K, 0% used [0x00000000e5f80000,0x00000000e5f80000,0x00000000e6980000)
  to   space 9728K, 0% used [0x00000000e6a00000,0x00000000e6a00000,0x00000000e7380000)
 ParOldGen       total 65024K, used 15967K [0x00000000a0000000, 0x00000000a3f80000, 0x00000000e0000000)
  object space 65024K, 24% used [0x00000000a0000000,0x00000000a0f97c50,0x00000000a3f80000)
 Metaspace       used 34686K, capacity 35220K, committed 35416K, reserved 1079296K
  class space    used 4699K, capacity 4910K, committed 4992K, reserved 1048576K
}

