# JRE version: OpenJDK Runtime Environment (8.0_152-b01) (build 1.8.0_152-release-915-b01)
# Java VM: OpenJDK 64-Bit Server VM (25.152-b01 mixed mode windows-amd64 compressed oops)
Heap:
 PSYoungGen      total 99840K, used 17050K [0x00000000e0000000, 0x00000000e6d00000, 0x0000000100000000)
  eden space 91136K, 9% used [0x00000000e0000000,0x00000000e082a6f8,0x00000000e5900000)
  from space 8704K, 99% used [0x00000000e6480000,0x00000000e6cfc3e0,0x00000000e6d00000)
  to   space 10240K, 0% used [0x00000000e5900000,0x00000000e5900000,0x00000000e6300000)
 ParOldGen       total 67072K, used 16788K [0x00000000a0000000, 0x00000000a4180000, 0x00000000e0000000)
  object space 67072K, 25% used [0x00000000a0000000,0x00000000a1065138,0x00000000a4180000)
 Metaspace       used 40988K, capacity 41682K, committed 42072K, reserved 1085440K
  class space    used 5457K, capacity 5706K, committed 5760K, reserved 1048576K
GC Heap History (10 events):
Event: 4.780 GC heap before
{Heap before GC invocations=6 (full 1):
 PSYoungGen      total 71680K, used 66560K [0x00000000e0000000, 0x00000000e4b00000, 0x0000000100000000)
  eden space 66560K, 100% used [0x00000000e0000000,0x00000000e4100000,0x00000000e4100000)
  from space 5120K, 0% used [0x00000000e4600000,0x00000000e4600000,0x00000000e4b00000)
  to   space 5120K, 0% used [0x00000000e4100000,0x00000000e4100000,0x00000000e4600000)
 ParOldGen       total 67072K, used 8939K [0x00000000a0000000, 0x00000000a4180000, 0x00000000e0000000)
  object space 67072K, 13% used [0x00000000a0000000,0x00000000a08bacf8,0x00000000a4180000)
 Metaspace       used 25982K, capacity 26438K, committed 26624K, reserved 1073152K
  class space    used 3552K, capacity 3722K, committed 3840K, reserved 1048576K
Event: 4.790 GC heap after
Heap after GC invocations=6 (full 1):
 PSYoungGen      total 71680K, used 5102K [0x00000000e0000000, 0x00000000e6e80000, 0x0000000100000000)
  eden space 66560K, 0% used [0x00000000e0000000,0x00000000e0000000,0x00000000e4100000)
  from space 5120K, 99% used [0x00000000e4100000,0x00000000e45fba20,0x00000000e4600000)
  to   space 10240K, 0% used [0x00000000e6480000,0x00000000e6480000,0x00000000e6e80000)
 ParOldGen       total 67072K, used 11060K [0x00000000a0000000, 0x00000000a4180000, 0x00000000e0000000)
  object space 67072K, 16% used [0x00000000a0000000,0x00000000a0acd1e0,0x00000000a4180000)
 Metaspace       used 25982K, capacity 26438K, committed 26624K, reserved 1073152K
  class space    used 3552K, capacity 3722K, committed 3840K, reserved 1048576K
}
Event: 6.015 GC heap before
{Heap before GC invocations=7 (full 1):
 PSYoungGen      total 71680K, used 71662K [0x00000000e0000000, 0x00000000e6e80000, 0x0000000100000000)
  eden space 66560K, 100% used [0x00000000e0000000,0x00000000e4100000,0x00000000e4100000)
  from space 5120K, 99% used [0x00000000e4100000,0x00000000e45fba20,0x00000000e4600000)
  to   space 10240K, 0% used [0x00000000e6480000,0x00000000e6480000,0x00000000e6e80000)
 ParOldGen       total 67072K, used 11060K [0x00000000a0000000, 0x00000000a4180000, 0x00000000e0000000)
  object space 67072K, 16% used [0x00000000a0000000,0x00000000a0acd1e0,0x00000000a4180000)
 Metaspace       used 29961K, capacity 30406K, committed 30720K, reserved 1075200K
  class space    used 4069K, capacity 4234K, committed 4352K, reserved 1048576K
Event: 6.027 GC heap after
Heap after GC invocations=7 (full 1):
 PSYoungGen      total 99840K, used 7297K [0x00000000e0000000, 0x00000000e6d00000, 0x0000000100000000)
  eden space 91136K, 0% used [0x00000000e0000000,0x00000000e0000000,0x00000000e5900000)
  from space 8704K, 83% used [0x00000000e6480000,0x00000000e6ba04b8,0x00000000e6d00000)
  to   space 10240K, 0% used [0x00000000e5900000,0x00000000e5900000,0x00000000e6300000)
 ParOldGen       total 67072K, used 11068K [0x00000000a0000000, 0x00000000a4180000, 0x00000000e0000000)
  object space 67072K, 16% used [0x00000000a0000000,0x00000000a0acf1e0,0x00000000a4180000)
 Metaspace       used 29961K, capacity 30406K, committed 30720K, reserved 1075200K
  class space    used 4069K, capacity 4234K, committed 4352K, reserved 1048576K
}
Event: 7.530 GC heap before
{Heap before GC invocations=8 (full 1):
 PSYoungGen      total 99840K, used 61858K [0x00000000e0000000, 0x00000000e6d00000, 0x0000000100000000)
  eden space 91136K, 59% used [0x00000000e0000000,0x00000000e3548730,0x00000000e5900000)
  from space 8704K, 83% used [0x00000000e6480000,0x00000000e6ba04b8,0x00000000e6d00000)
  to   space 10240K, 0% used [0x00000000e5900000,0x00000000e5900000,0x00000000e6300000)
 ParOldGen       total 67072K, used 11068K [0x00000000a0000000, 0x00000000a4180000, 0x00000000e0000000)
  object space 67072K, 16% used [0x00000000a0000000,0x00000000a0acf1e0,0x00000000a4180000)
 Metaspace       used 34705K, capacity 35220K, committed 35416K, reserved 1079296K
  class space    used 4698K, capacity 4910K, committed 4992K, reserved 1048576K
Event: 7.551 GC heap after
Heap after GC invocations=8 (full 1):
 PSYoungGen      total 101376K, used 9649K [0x00000000e0000000, 0x00000000e6d00000, 0x0000000100000000)
  eden space 91136K, 0% used [0x00000000e0000000,0x00000000e0000000,0x00000000e5900000)
  from space 10240K, 94% used [0x00000000e5900000,0x00000000e626c7e0,0x00000000e6300000)
  to   space 8704K, 0% used [0x00000000e6480000,0x00000000e6480000,0x00000000e6d00000)
 ParOldGen       total 67072K, used 11068K [0x00000000a0000000, 0x00000000a4180000, 0x00000000e0000000)
  object space 67072K, 16% used [0x00000000a0000000,0x00000000a0acf1e0,0x00000000a4180000)
 Metaspace       used 34705K, capacity 35220K, committed 35416K, reserved 1079296K
  class space    used 4698K, capacity 4910K, committed 4992K, reserved 1048576K
}
Event: 7.551 GC heap before
{Heap before GC invocations=9 (full 2):
 PSYoungGen      total 101376K, used 9649K [0x00000000e0000000, 0x00000000e6d00000, 0x0000000100000000)
  eden space 91136K, 0% used [0x00000000e0000000,0x00000000e0000000,0x00000000e5900000)
  from space 10240K, 94% used [0x00000000e5900000,0x00000000e626c7e0,0x00000000e6300000)
  to   space 8704K, 0% used [0x00000000e6480000,0x00000000e6480000,0x00000000e6d00000)
 ParOldGen       total 67072K, used 11068K [0x00000000a0000000, 0x00000000a4180000, 0x00000000e0000000)
  object space 67072K, 16% used [0x00000000a0000000,0x00000000a0acf1e0,0x00000000a4180000)
 Metaspace       used 34705K, capacity 35220K, committed 35416K, reserved 1079296K
  class space    used 4698K, capacity 4910K, committed 4992K, reserved 1048576K
Event: 7.702 GC heap after
Heap after GC invocations=9 (full 2):
 PSYoungGen      total 101376K, used 0K [0x00000000e0000000, 0x00000000e6d00000, 0x0000000100000000)
  eden space 91136K, 0% used [0x00000000e0000000,0x00000000e0000000,0x00000000e5900000)
  from space 10240K, 0% used [0x00000000e5900000,0x00000000e5900000,0x00000000e6300000)
  to   space 8704K, 0% used [0x00000000e6480000,0x00000000e6480000,0x00000000e6d00000)
 ParOldGen       total 67072K, used 15970K [0x00000000a0000000, 0x00000000a4180000, 0x00000000e0000000)
  object space 67072K, 23% used [0x00000000a0000000,0x00000000a0f98ae8,0x00000000a4180000)
 Metaspace       used 34705K, capacity 35220K, committed 35416K, reserved 1079296K
  class space    used 4698K, capacity 4910K, committed 4992K, reserved 1048576K
}
Event: 9.244 GC heap before
{Heap before GC invocations=10 (full 2):
 PSYoungGen      total 101376K, used 91136K [0x00000000e0000000, 0x00000000e6d00000, 0x0000000100000000)
  eden space 91136K, 100% used [0x00000000e0000000,0x00000000e5900000,0x00000000e5900000)
  from space 10240K, 0% used [0x00000000e5900000,0x00000000e5900000,0x00000000e6300000)
  to   space 8704K, 0% used [0x00000000e6480000,0x00000000e6480000,0x00000000e6d00000)
 ParOldGen       total 67072K, used 15970K [0x00000000a0000000, 0x00000000a4180000, 0x00000000e0000000)
  object space 67072K, 23% used [0x00000000a0000000,0x00000000a0f98ae8,0x00000000a4180000)
 Metaspace       used 40511K, capacity 41150K, committed 41432K, reserved 1085440K
  class space    used 5368K, capacity 5595K, committed 5632K, reserved 1048576K
Event: 9.256 GC heap after
Heap after GC invocations=10 (full 2):
 PSYoungGen      total 99840K, used 8688K [0x00000000e0000000, 0x00000000e6d00000, 0x0000000100000000)
  eden space 91136K, 0% used [0x00000000e0000000,0x00000000e0000000,0x00000000e5900000)
  from space 8704K, 99% used [0x00000000e6480000,0x00000000e6cfc3e0,0x00000000e6d00000)
  to   space 10240K, 0% used [0x00000000e5900000,0x00000000e5900000,0x00000000e6300000)
 ParOldGen       total 67072K, used 16788K [0x00000000a0000000, 0x00000000a4180000, 0x00000000e0000000)
  object space 67072K, 25% used [0x00000000a0000000,0x00000000a1065138,0x00000000a4180000)
 Metaspace       used 40511K, capacity 41150K, committed 41432K, reserved 1085440K
  class space    used 5368K, capacity 5595K, committed 5632K, reserved 1048576K
}

