# JRE version: OpenJDK Runtime Environment (8.0_152-b01) (build 1.8.0_152-release-915-b01)
# Java VM: OpenJDK 64-Bit Server VM (25.152-b01 mixed mode windows-amd64 compressed oops)
Heap:
 PSYoungGen      total 150016K, used 62190K [0x00000000e0000000, 0x00000000eb080000, 0x0000000100000000)
  eden space 134144K, 34% used [0x00000000e0000000,0x00000000e2d3cf58,0x00000000e8300000)
  from space 15872K, 99% used [0x00000000ea100000,0x00000000eb07eb80,0x00000000eb080000)
  to   space 18432K, 0% used [0x00000000e8c80000,0x00000000e8c80000,0x00000000e9e80000)
 ParOldGen       total 105472K, used 23433K [0x00000000a0000000, 0x00000000a6700000, 0x00000000e0000000)
  object space 105472K, 22% used [0x00000000a0000000,0x00000000a16e2748,0x00000000a6700000)
 Metaspace       used 55266K, capacity 57420K, committed 57688K, reserved 1099776K
  class space    used 7059K, capacity 7760K, committed 7808K, reserved 1048576K
GC Heap History (10 events):
Event: 23.647 GC heap before
{Heap before GC invocations=10 (full 2):
 PSYoungGen      total 106496K, used 95232K [0x00000000e0000000, 0x00000000e9b80000, 0x0000000100000000)
  eden space 95232K, 100% used [0x00000000e0000000,0x00000000e5d00000,0x00000000e5d00000)
  from space 11264K, 0% used [0x00000000e5d00000,0x00000000e5d00000,0x00000000e6800000)
  to   space 11776K, 0% used [0x00000000e9000000,0x00000000e9000000,0x00000000e9b80000)
 ParOldGen       total 105472K, used 15782K [0x00000000a0000000, 0x00000000a6700000, 0x00000000e0000000)
  object space 105472K, 14% used [0x00000000a0000000,0x00000000a0f69a48,0x00000000a6700000)
 Metaspace       used 37873K, capacity 38886K, committed 39128K, reserved 1083392K
  class space    used 5014K, capacity 5354K, committed 5376K, reserved 1048576K
Event: 23.655 GC heap after
Heap after GC invocations=10 (full 2):
 PSYoungGen      total 130048K, used 5906K [0x00000000e0000000, 0x00000000e9600000, 0x0000000100000000)
  eden space 123904K, 0% used [0x00000000e0000000,0x00000000e0000000,0x00000000e7900000)
  from space 6144K, 96% used [0x00000000e9000000,0x00000000e95c4810,0x00000000e9600000)
  to   space 11776K, 0% used [0x00000000e7f00000,0x00000000e7f00000,0x00000000e8a80000)
 ParOldGen       total 105472K, used 15790K [0x00000000a0000000, 0x00000000a6700000, 0x00000000e0000000)
  object space 105472K, 14% used [0x00000000a0000000,0x00000000a0f6ba48,0x00000000a6700000)
 Metaspace       used 37873K, capacity 38886K, committed 39128K, reserved 1083392K
  class space    used 5014K, capacity 5354K, committed 5376K, reserved 1048576K
}
Event: 60.872 GC heap before
{Heap before GC invocations=11 (full 2):
 PSYoungGen      total 130048K, used 129810K [0x00000000e0000000, 0x00000000e9600000, 0x0000000100000000)
  eden space 123904K, 100% used [0x00000000e0000000,0x00000000e7900000,0x00000000e7900000)
  from space 6144K, 96% used [0x00000000e9000000,0x00000000e95c4810,0x00000000e9600000)
  to   space 11776K, 0% used [0x00000000e7f00000,0x00000000e7f00000,0x00000000e8a80000)
 ParOldGen       total 105472K, used 15790K [0x00000000a0000000, 0x00000000a6700000, 0x00000000e0000000)
  object space 105472K, 14% used [0x00000000a0000000,0x00000000a0f6ba48,0x00000000a6700000)
 Metaspace       used 38648K, capacity 39786K, committed 40024K, reserved 1083392K
  class space    used 5048K, capacity 5448K, committed 5504K, reserved 1048576K
Event: 60.881 GC heap after
Heap after GC invocations=11 (full 2):
 PSYoungGen      total 141824K, used 4080K [0x00000000e0000000, 0x00000000ea200000, 0x0000000100000000)
  eden space 130048K, 0% used [0x00000000e0000000,0x00000000e0000000,0x00000000e7f00000)
  from space 11776K, 34% used [0x00000000e7f00000,0x00000000e82fc020,0x00000000e8a80000)
  to   space 11776K, 0% used [0x00000000e9680000,0x00000000e9680000,0x00000000ea200000)
 ParOldGen       total 105472K, used 15798K [0x00000000a0000000, 0x00000000a6700000, 0x00000000e0000000)
  object space 105472K, 14% used [0x00000000a0000000,0x00000000a0f6da48,0x00000000a6700000)
 Metaspace       used 38648K, capacity 39786K, committed 40024K, reserved 1083392K
  class space    used 5048K, capacity 5448K, committed 5504K, reserved 1048576K
}
Event: 132.379 GC heap before
{Heap before GC invocations=12 (full 2):
 PSYoungGen      total 141824K, used 134128K [0x00000000e0000000, 0x00000000ea200000, 0x0000000100000000)
  eden space 130048K, 100% used [0x00000000e0000000,0x00000000e7f00000,0x00000000e7f00000)
  from space 11776K, 34% used [0x00000000e7f00000,0x00000000e82fc020,0x00000000e8a80000)
  to   space 11776K, 0% used [0x00000000e9680000,0x00000000e9680000,0x00000000ea200000)
 ParOldGen       total 105472K, used 15798K [0x00000000a0000000, 0x00000000a6700000, 0x00000000e0000000)
  object space 105472K, 14% used [0x00000000a0000000,0x00000000a0f6da48,0x00000000a6700000)
 Metaspace       used 43329K, capacity 44702K, committed 45016K, reserved 1087488K
  class space    used 5625K, capacity 6103K, committed 6144K, reserved 1048576K
Event: 132.400 GC heap after
Heap after GC invocations=12 (full 2):
 PSYoungGen      total 135168K, used 8698K [0x00000000e0000000, 0x00000000e9f00000, 0x0000000100000000)
  eden space 126464K, 0% used [0x00000000e0000000,0x00000000e0000000,0x00000000e7b80000)
  from space 8704K, 99% used [0x00000000e9680000,0x00000000e9efeae0,0x00000000e9f00000)
  to   space 12288K, 0% used [0x00000000e8700000,0x00000000e8700000,0x00000000e9300000)
 ParOldGen       total 105472K, used 15806K [0x00000000a0000000, 0x00000000a6700000, 0x00000000e0000000)
  object space 105472K, 14% used [0x00000000a0000000,0x00000000a0f6fa48,0x00000000a6700000)
 Metaspace       used 43329K, capacity 44702K, committed 45016K, reserved 1087488K
  class space    used 5625K, capacity 6103K, committed 6144K, reserved 1048576K
}
Event: 134.460 GC heap before
{Heap before GC invocations=13 (full 2):
 PSYoungGen      total 135168K, used 135162K [0x00000000e0000000, 0x00000000e9f00000, 0x0000000100000000)
  eden space 126464K, 100% used [0x00000000e0000000,0x00000000e7b80000,0x00000000e7b80000)
  from space 8704K, 99% used [0x00000000e9680000,0x00000000e9efeae0,0x00000000e9f00000)
  to   space 12288K, 0% used [0x00000000e8700000,0x00000000e8700000,0x00000000e9300000)
 ParOldGen       total 105472K, used 15806K [0x00000000a0000000, 0x00000000a6700000, 0x00000000e0000000)
  object space 105472K, 14% used [0x00000000a0000000,0x00000000a0f6fa48,0x00000000a6700000)
 Metaspace       used 51793K, capacity 53434K, committed 53592K, reserved 1095680K
  class space    used 6735K, capacity 7252K, committed 7296K, reserved 1048576K
Event: 134.492 GC heap after
Heap after GC invocations=13 (full 2):
 PSYoungGen      total 150528K, used 12265K [0x00000000e0000000, 0x00000000eb080000, 0x0000000100000000)
  eden space 138240K, 0% used [0x00000000e0000000,0x00000000e0000000,0x00000000e8700000)
  from space 12288K, 99% used [0x00000000e8700000,0x00000000e92fa630,0x00000000e9300000)
  to   space 15872K, 0% used [0x00000000ea100000,0x00000000ea100000,0x00000000eb080000)
 ParOldGen       total 105472K, used 21825K [0x00000000a0000000, 0x00000000a6700000, 0x00000000e0000000)
  object space 105472K, 20% used [0x00000000a0000000,0x00000000a1550600,0x00000000a6700000)
 Metaspace       used 51793K, capacity 53434K, committed 53592K, reserved 1095680K
  class space    used 6735K, capacity 7252K, committed 7296K, reserved 1048576K
}
Event: 318.478 GC heap before
{Heap before GC invocations=14 (full 2):
 PSYoungGen      total 150528K, used 150505K [0x00000000e0000000, 0x00000000eb080000, 0x0000000100000000)
  eden space 138240K, 100% used [0x00000000e0000000,0x00000000e8700000,0x00000000e8700000)
  from space 12288K, 99% used [0x00000000e8700000,0x00000000e92fa630,0x00000000e9300000)
  to   space 15872K, 0% used [0x00000000ea100000,0x00000000ea100000,0x00000000eb080000)
 ParOldGen       total 105472K, used 21825K [0x00000000a0000000, 0x00000000a6700000, 0x00000000e0000000)
  object space 105472K, 20% used [0x00000000a0000000,0x00000000a1550600,0x00000000a6700000)
 Metaspace       used 55148K, capacity 57332K, committed 57432K, reserved 1099776K
  class space    used 7056K, capacity 7755K, committed 7808K, reserved 1048576K
Event: 318.514 GC heap after
Heap after GC invocations=14 (full 2):
 PSYoungGen      total 150016K, used 15866K [0x00000000e0000000, 0x00000000eb080000, 0x0000000100000000)
  eden space 134144K, 0% used [0x00000000e0000000,0x00000000e0000000,0x00000000e8300000)
  from space 15872K, 99% used [0x00000000ea100000,0x00000000eb07eb80,0x00000000eb080000)
  to   space 18432K, 0% used [0x00000000e8c80000,0x00000000e8c80000,0x00000000e9e80000)
 ParOldGen       total 105472K, used 23433K [0x00000000a0000000, 0x00000000a6700000, 0x00000000e0000000)
  object space 105472K, 22% used [0x00000000a0000000,0x00000000a16e2748,0x00000000a6700000)
 Metaspace       used 55148K, capacity 57332K, committed 57432K, reserved 1099776K
  class space    used 7056K, capacity 7755K, committed 7808K, reserved 1048576K
}

