# JRE version: OpenJDK Runtime Environment (8.0_152-b01) (build 1.8.0_152-release-915-b01)
# Java VM: OpenJDK 64-Bit Server VM (25.152-b01 mixed mode windows-amd64 compressed oops)
Heap:
 PSYoungGen      total 108032K, used 15967K [0x00000000e0000000, 0x00000000ea380000, 0x0000000100000000)
  eden space 96768K, 16% used [0x00000000e0000000,0x00000000e0f97d98,0x00000000e5e80000)
  from space 11264K, 0% used [0x00000000e5e80000,0x00000000e5e80000,0x00000000e6980000)
  to   space 11264K, 0% used [0x00000000e9880000,0x00000000e9880000,0x00000000ea380000)
 ParOldGen       total 57856K, used 13654K [0x00000000a0000000, 0x00000000a3880000, 0x00000000e0000000)
  object space 57856K, 23% used [0x00000000a0000000,0x00000000a0d55a10,0x00000000a3880000)
 Metaspace       used 36782K, capacity 37512K, committed 37720K, reserved 1081344K
  class space    used 4950K, capacity 5236K, committed 5248K, reserved 1048576K
GC Heap History (10 events):
Event: 15.080 GC heap before
{Heap before GC invocations=7 (full 1):
 PSYoungGen      total 38400K, used 37323K [0x00000000e0000000, 0x00000000e4c80000, 0x0000000100000000)
  eden space 33280K, 100% used [0x00000000e0000000,0x00000000e2080000,0x00000000e2080000)
  from space 5120K, 78% used [0x00000000e2080000,0x00000000e2472d90,0x00000000e2580000)
  to   space 10752K, 0% used [0x00000000e4200000,0x00000000e4200000,0x00000000e4c80000)
 ParOldGen       total 57856K, used 8604K [0x00000000a0000000, 0x00000000a3880000, 0x00000000e0000000)
  object space 57856K, 14% used [0x00000000a0000000,0x00000000a0867118,0x00000000a3880000)
 Metaspace       used 25898K, capacity 26446K, committed 26880K, reserved 1073152K
  class space    used 3546K, capacity 3733K, committed 3840K, reserved 1048576K
Event: 15.088 GC heap after
Heap after GC invocations=7 (full 1):
 PSYoungGen      total 67584K, used 5522K [0x00000000e0000000, 0x00000000e4c00000, 0x0000000100000000)
  eden space 57344K, 0% used [0x00000000e0000000,0x00000000e0000000,0x00000000e3800000)
  from space 10240K, 53% used [0x00000000e4200000,0x00000000e47649a0,0x00000000e4c00000)
  to   space 10240K, 0% used [0x00000000e3800000,0x00000000e3800000,0x00000000e4200000)
 ParOldGen       total 57856K, used 8612K [0x00000000a0000000, 0x00000000a3880000, 0x00000000e0000000)
  object space 57856K, 14% used [0x00000000a0000000,0x00000000a0869118,0x00000000a3880000)
 Metaspace       used 25898K, capacity 26446K, committed 26880K, reserved 1073152K
  class space    used 3546K, capacity 3733K, committed 3840K, reserved 1048576K
}
Event: 16.805 GC heap before
{Heap before GC invocations=8 (full 1):
 PSYoungGen      total 67584K, used 62866K [0x00000000e0000000, 0x00000000e4c00000, 0x0000000100000000)
  eden space 57344K, 100% used [0x00000000e0000000,0x00000000e3800000,0x00000000e3800000)
  from space 10240K, 53% used [0x00000000e4200000,0x00000000e47649a0,0x00000000e4c00000)
  to   space 10240K, 0% used [0x00000000e3800000,0x00000000e3800000,0x00000000e4200000)
 ParOldGen       total 57856K, used 8612K [0x00000000a0000000, 0x00000000a3880000, 0x00000000e0000000)
  object space 57856K, 14% used [0x00000000a0000000,0x00000000a0869118,0x00000000a3880000)
 Metaspace       used 30064K, capacity 30700K, committed 30976K, reserved 1075200K
  class space    used 4105K, capacity 4319K, committed 4352K, reserved 1048576K
Event: 16.821 GC heap after
Heap after GC invocations=8 (full 1):
 PSYoungGen      total 67584K, used 7779K [0x00000000e0000000, 0x00000000e7500000, 0x0000000100000000)
  eden space 57344K, 0% used [0x00000000e0000000,0x00000000e0000000,0x00000000e3800000)
  from space 10240K, 75% used [0x00000000e3800000,0x00000000e3f98c10,0x00000000e4200000)
  to   space 10752K, 0% used [0x00000000e6a80000,0x00000000e6a80000,0x00000000e7500000)
 ParOldGen       total 57856K, used 8620K [0x00000000a0000000, 0x00000000a3880000, 0x00000000e0000000)
  object space 57856K, 14% used [0x00000000a0000000,0x00000000a086b118,0x00000000a3880000)
 Metaspace       used 30064K, capacity 30700K, committed 30976K, reserved 1075200K
  class space    used 4105K, capacity 4319K, committed 4352K, reserved 1048576K
}
Event: 21.547 GC heap before
{Heap before GC invocations=9 (full 1):
 PSYoungGen      total 67584K, used 65123K [0x00000000e0000000, 0x00000000e7500000, 0x0000000100000000)
  eden space 57344K, 100% used [0x00000000e0000000,0x00000000e3800000,0x00000000e3800000)
  from space 10240K, 75% used [0x00000000e3800000,0x00000000e3f98c10,0x00000000e4200000)
  to   space 10752K, 0% used [0x00000000e6a80000,0x00000000e6a80000,0x00000000e7500000)
 ParOldGen       total 57856K, used 8620K [0x00000000a0000000, 0x00000000a3880000, 0x00000000e0000000)
  object space 57856K, 14% used [0x00000000a0000000,0x00000000a086b118,0x00000000a3880000)
 Metaspace       used 32744K, capacity 33484K, committed 33664K, reserved 1079296K
  class space    used 4431K, capacity 4699K, committed 4736K, reserved 1048576K
Event: 21.567 GC heap after
Heap after GC invocations=9 (full 1):
 PSYoungGen      total 107008K, used 9181K [0x00000000e0000000, 0x00000000e7480000, 0x0000000100000000)
  eden space 96768K, 0% used [0x00000000e0000000,0x00000000e0000000,0x00000000e5e80000)
  from space 10240K, 89% used [0x00000000e6a80000,0x00000000e7377430,0x00000000e7480000)
  to   space 11264K, 0% used [0x00000000e5e80000,0x00000000e5e80000,0x00000000e6980000)
 ParOldGen       total 57856K, used 8620K [0x00000000a0000000, 0x00000000a3880000, 0x00000000e0000000)
  object space 57856K, 14% used [0x00000000a0000000,0x00000000a086b118,0x00000000a3880000)
 Metaspace       used 32744K, capacity 33484K, committed 33664K, reserved 1079296K
  class space    used 4431K, capacity 4699K, committed 4736K, reserved 1048576K
}
Event: 21.770 GC heap before
{Heap before GC invocations=10 (full 1):
 PSYoungGen      total 107008K, used 15001K [0x00000000e0000000, 0x00000000e7480000, 0x0000000100000000)
  eden space 96768K, 6% used [0x00000000e0000000,0x00000000e05af308,0x00000000e5e80000)
  from space 10240K, 89% used [0x00000000e6a80000,0x00000000e7377430,0x00000000e7480000)
  to   space 11264K, 0% used [0x00000000e5e80000,0x00000000e5e80000,0x00000000e6980000)
 ParOldGen       total 57856K, used 8620K [0x00000000a0000000, 0x00000000a3880000, 0x00000000e0000000)
  object space 57856K, 14% used [0x00000000a0000000,0x00000000a086b118,0x00000000a3880000)
 Metaspace       used 34507K, capacity 35210K, committed 35416K, reserved 1079296K
  class space    used 4686K, capacity 4959K, committed 4992K, reserved 1048576K
Event: 21.779 GC heap after
Heap after GC invocations=10 (full 1):
 PSYoungGen      total 108032K, used 3787K [0x00000000e0000000, 0x00000000ea380000, 0x0000000100000000)
  eden space 96768K, 0% used [0x00000000e0000000,0x00000000e0000000,0x00000000e5e80000)
  from space 11264K, 33% used [0x00000000e5e80000,0x00000000e6232c28,0x00000000e6980000)
  to   space 11264K, 0% used [0x00000000e9880000,0x00000000e9880000,0x00000000ea380000)
 ParOldGen       total 57856K, used 12517K [0x00000000a0000000, 0x00000000a3880000, 0x00000000e0000000)
  object space 57856K, 21% used [0x00000000a0000000,0x00000000a0c39498,0x00000000a3880000)
 Metaspace       used 34507K, capacity 35210K, committed 35416K, reserved 1079296K
  class space    used 4686K, capacity 4959K, committed 4992K, reserved 1048576K
}
Event: 21.779 GC heap before
{Heap before GC invocations=11 (full 2):
 PSYoungGen      total 108032K, used 3787K [0x00000000e0000000, 0x00000000ea380000, 0x0000000100000000)
  eden space 96768K, 0% used [0x00000000e0000000,0x00000000e0000000,0x00000000e5e80000)
  from space 11264K, 33% used [0x00000000e5e80000,0x00000000e6232c28,0x00000000e6980000)
  to   space 11264K, 0% used [0x00000000e9880000,0x00000000e9880000,0x00000000ea380000)
 ParOldGen       total 57856K, used 12517K [0x00000000a0000000, 0x00000000a3880000, 0x00000000e0000000)
  object space 57856K, 21% used [0x00000000a0000000,0x00000000a0c39498,0x00000000a3880000)
 Metaspace       used 34507K, capacity 35210K, committed 35416K, reserved 1079296K
  class space    used 4686K, capacity 4959K, committed 4992K, reserved 1048576K
Event: 21.869 GC heap after
Heap after GC invocations=11 (full 2):
 PSYoungGen      total 108032K, used 0K [0x00000000e0000000, 0x00000000ea380000, 0x0000000100000000)
  eden space 96768K, 0% used [0x00000000e0000000,0x00000000e0000000,0x00000000e5e80000)
  from space 11264K, 0% used [0x00000000e5e80000,0x00000000e5e80000,0x00000000e6980000)
  to   space 11264K, 0% used [0x00000000e9880000,0x00000000e9880000,0x00000000ea380000)
 ParOldGen       total 57856K, used 13654K [0x00000000a0000000, 0x00000000a3880000, 0x00000000e0000000)
  object space 57856K, 23% used [0x00000000a0000000,0x00000000a0d55a10,0x00000000a3880000)
 Metaspace       used 34507K, capacity 35210K, committed 35416K, reserved 1079296K
  class space    used 4686K, capacity 4959K, committed 4992K, reserved 1048576K
}

